Removed Pin From Net: NetName=220V_SENSE_4_ Pin=U1-1
Removed Pin From Net: NetName=220V_SENSE_3_ Pin=U1-3
Removed Pin From Net: NetName=220V_SENSE_2_ Pin=U1-5
Removed Pin From Net: NetName=220V_SENSE_1_ Pin=U1-7
Removed Pin From Net: NetName=3V3_SENSE_1 Pin=U1-9
Removed Pin From Net: NetName=3V3_SENSE_2 Pin=U1-11
Removed Pin From Net: NetName=3V3_SENSE_3 Pin=U1-13
Removed Pin From Net: NetName=3V3_SENSE_4 Pin=U1-15
Removed Pin From Net: NetName=220V_SENSE_8_ Pin=U2-1
Removed Pin From Net: NetName=220V_SENSE_7_ Pin=U2-3
Removed Pin From Net: NetName=220V_SENSE_6_ Pin=U2-5
Removed Pin From Net: NetName=220V_SENSE_5_ Pin=U2-7
Removed Pin From Net: NetName=3V3_SENSE_5 Pin=U2-9
Removed Pin From Net: NetName=3V3_SENSE_6 Pin=U2-11
Removed Pin From Net: NetName=3V3_SENSE_7 Pin=U2-13
Removed Pin From Net: NetName=3V3_SENSE_8 Pin=U2-15
Removed Member From Class: ClassName=Optic Isolator 4 Member=U1
Removed Member From Class: ClassName=Optic Isolator 8 Member=U2
Added Pin To Net: NetName=220V_SENSE_1_ Pin=U1-1
Added Pin To Net: NetName=220V_SENSE_2_ Pin=U1-3
Added Pin To Net: NetName=220V_SENSE_3_ Pin=U1-5
Added Pin To Net: NetName=220V_SENSE_4_ Pin=U1-7
Added Pin To Net: NetName=3V3_SENSE_4 Pin=U1-9
Added Pin To Net: NetName=3V3_SENSE_3 Pin=U1-11
Added Pin To Net: NetName=3V3_SENSE_2 Pin=U1-13
Added Pin To Net: NetName=3V3_SENSE_1 Pin=U1-15
Added Pin To Net: NetName=220V_SENSE_5_ Pin=U2-1
Added Pin To Net: NetName=220V_SENSE_6_ Pin=U2-3
Added Pin To Net: NetName=220V_SENSE_7_ Pin=U2-5
Added Pin To Net: NetName=220V_SENSE_8_ Pin=U2-7
Added Pin To Net: NetName=3V3_SENSE_8 Pin=U2-9
Added Pin To Net: NetName=3V3_SENSE_7 Pin=U2-11
Added Pin To Net: NetName=3V3_SENSE_6 Pin=U2-13
Added Pin To Net: NetName=3V3_SENSE_5 Pin=U2-15
Added Member To Class: ClassName=Optic Isolator 1 Member=Component U1 TCMT4100
Added Member To Class: ClassName=Optic Isolator 5 Member=Component U2 TCMT4100
