Removed Pin From Net: NetName=NOTR Pin=J3-1
Removed Pin From Net: NetName=INPUT_8 Pin=J3-2
Removed Pin From Net: NetName=INPUT_7 Pin=J3-3
Removed Pin From Net: NetName=INPUT_6 Pin=J3-4
Removed Pin From Net: NetName=INPUT_5 Pin=J3-5
Removed Pin From Net: NetName=INPUT_4 Pin=J3-6
Removed Pin From Net: NetName=INPUT_3 Pin=J3-7
Removed Pin From Net: NetName=INPUT_2 Pin=J3-8
Removed Pin From Net: NetName=INPUT_1 Pin=J3-9
Removed Pin From Net: NetName=NOTR Pin=J3-10
Removed Member From Class: ClassName=HV Input Connector Member=J3
Added Component: Designator=J2(Pin Header 1x10 TH Pitch 2.54mm)
Add component (AddParameter): Name = "Manufacturer Name"; Value = "Molex"; VariantName = "[No Variations]"
Add component (AddParameter): Name = "Manufacturer Part Number"; Value = "22-28-4103"; VariantName = "[No Variations]"
Add component (AddParameter): Name = "Pitch"; Value = "2.54 mm"; VariantName = "[No Variations]"
Add component (AddParameter): Name = "Position"; Value = "10"; VariantName = "[No Variations]"
Add component (AddParameter): Name = "ROHS"; Value = "Yes"; VariantName = "[No Variations]"
Add component (AddParameter): Name = "Row"; Value = "1"; VariantName = "[No Variations]"
Added Pin To Net: NetName=NOTR Pin=J2-1
Added Pin To Net: NetName=INPUT_1 Pin=J2-2
Added Pin To Net: NetName=INPUT_2 Pin=J2-3
Added Pin To Net: NetName=INPUT_3 Pin=J2-4
Added Pin To Net: NetName=INPUT_4 Pin=J2-5
Added Pin To Net: NetName=INPUT_5 Pin=J2-6
Added Pin To Net: NetName=INPUT_6 Pin=J2-7
Added Pin To Net: NetName=INPUT_7 Pin=J2-8
Added Pin To Net: NetName=INPUT_8 Pin=J2-9
Added Pin To Net: NetName=NOTR Pin=J2-10
Added Member To Class: ClassName=HV Input Connector Member=Component J2 2.54 mm Pitch 8P Male Connector
